<?xml version="1.0" encoding="UTF-8"?>
<!-- Generated by org.testng.reporters.JUnitXMLReporter -->
<testsuite hostname="DESKTOP-EJS31UV" name="test-runner-2" tests="1" failures="0" timestamp="4 Mar 2022 06:49:28 GMT" time="91.798" errors="0">
  <testcase name="createOrgWithType" time="36.56" classname="com.crm.OrganizationTest.CreateOrgWithType_BaseClass"/>
</testsuite> <!-- test-runner-2 -->
