<?xml version="1.0" encoding="UTF-8"?>
<!-- Generated by org.testng.reporters.JUnitReportReporter -->
<testsuite hostname="DESKTOP-EJS31UV" name="com.crm.OrganizationTest.CreateOrganizationWithPropertyfileTest" tests="1" failures="0" timestamp="2 Mar 2022 07:23:02 GMT" time="105.913" errors="0">
  <testcase name="createOrgTest" time="105.913" classname="com.crm.OrganizationTest.CreateOrganizationWithPropertyfileTest"/>
</testsuite> <!-- com.crm.OrganizationTest.CreateOrganizationWithPropertyfileTest -->
