<?xml version="1.0" encoding="UTF-8"?>
<!-- Generated by org.testng.reporters.JUnitReportReporter -->
<testsuite hostname="DESKTOP-EJS31UV" name="com.crm.OrganizationTest.CreateOrgWithType_Pom_ObjectRepo_Test" tests="1" failures="0" timestamp="28 Feb 2022 05:23:25 GMT" time="48.485" errors="0">
  <testcase name="createOrgWithType_Pom_Object" time="48.485" classname="com.crm.OrganizationTest.CreateOrgWithType_Pom_ObjectRepo_Test"/>
</testsuite> <!-- com.crm.OrganizationTest.CreateOrgWithType_Pom_ObjectRepo_Test -->
