<?xml version="1.0" encoding="UTF-8"?>
<!-- Generated by org.testng.reporters.JUnitReportReporter -->
<testsuite hostname="DESKTOP-EJS31UV" name="com.crm.Practice.SampleJDBCExecuteQuery" tests="1" failures="0" timestamp="16 Feb 2022 07:12:45 GMT" time="0.672" errors="0">
  <testcase name="sampleJDBCExecuteQuery" time="0.672" classname="com.crm.Practice.SampleJDBCExecuteQuery"/>
</testsuite> <!-- com.crm.Practice.SampleJDBCExecuteQuery -->
