<?xml version="1.0" encoding="UTF-8"?>
<!-- Generated by org.testng.reporters.JUnitReportReporter -->
<testsuite hostname="DESKTOP-EJS31UV" name="com.crm.ContactTests.CreateContactsAndChooseExistingOrganizationTest_Generic" tests="1" failures="0" timestamp="22 Feb 2022 17:28:54 GMT" time="184.233" errors="0">
  <testcase name="createContactWithOrgTest" time="184.233" classname="com.crm.ContactTests.CreateContactsAndChooseExistingOrganizationTest_Generic"/>
</testsuite> <!-- com.crm.ContactTests.CreateContactsAndChooseExistingOrganizationTest_Generic -->
