<?xml version="1.0" encoding="UTF-8"?>
<!-- Generated by org.testng.reporters.JUnitReportReporter -->
<testsuite hostname="DESKTOP-EJS31UV" name="com.crm.Practice.ReadDataFromCmdLineTest" tests="1" failures="0" timestamp="17 Feb 2022 07:25:55 GMT" time="0.040" errors="0">
  <testcase name="readDataFromCmdLine" time="0.040" classname="com.crm.Practice.ReadDataFromCmdLineTest"/>
</testsuite> <!-- com.crm.Practice.ReadDataFromCmdLineTest -->
