<?xml version="1.0" encoding="UTF-8"?>
<!-- Generated by org.testng.reporters.JUnitReportReporter -->
<testsuite hostname="DESKTOP-EJS31UV" name="com.crm.OpportunityTests.CreateOpportunitytc_15Need_AnalysisTest" tests="1" failures="0" timestamp="20 Feb 2022 15:51:51 GMT" time="128.920" errors="0">
  <testcase name="createOpportunitywithSalesStageValueProposition" time="128.920" classname="com.crm.OpportunityTests.CreateOpportunitytc_15Need_AnalysisTest"/>
</testsuite> <!-- com.crm.OpportunityTests.CreateOpportunitytc_15Need_AnalysisTest -->
