<?xml version="1.0" encoding="UTF-8"?>
<!-- Generated by org.testng.reporters.JUnitReportReporter -->
<testsuite hostname="DESKTOP-EJS31UV" name="com.crm.OpportunityTests.CreateOpportunitytc_15_Page_ObjectRepo_Need_AnalysisTest" tests="1" failures="0" timestamp="27 Feb 2022 11:52:20 GMT" time="40.989" errors="0">
  <testcase name="createOpportunityTc_11_Pom" time="40.989" classname="com.crm.OpportunityTests.CreateOpportunitytc_15_Page_ObjectRepo_Need_AnalysisTest"/>
</testsuite> <!-- com.crm.OpportunityTests.CreateOpportunitytc_15_Page_ObjectRepo_Need_AnalysisTest -->
