<?xml version="1.0" encoding="UTF-8"?>
<!-- Generated by org.testng.reporters.JUnitReportReporter -->
<testsuite hostname="DESKTOP-EJS31UV" name="com.crm.OrganizationTest.CreateOrgTest_Generic" tests="1" failures="0" timestamp="22 Feb 2022 17:34:34 GMT" time="25.464" errors="0">
  <testcase name="createOrgTest" time="25.464" classname="com.crm.OrganizationTest.CreateOrgTest_Generic"/>
</testsuite> <!-- com.crm.OrganizationTest.CreateOrgTest_Generic -->
