<?xml version="1.0" encoding="UTF-8"?>
<!-- Generated by org.testng.reporters.JUnitReportReporter -->
<testsuite hostname="DESKTOP-EJS31UV" name="com.crm.Practice.ReadDataFromExcelSheetTest" tests="1" failures="0" timestamp="17 Feb 2022 10:47:10 GMT" time="4.280" errors="0">
  <testcase name="readDataFromExcel" time="4.280" classname="com.crm.Practice.ReadDataFromExcelSheetTest"/>
</testsuite> <!-- com.crm.Practice.ReadDataFromExcelSheetTest -->
