<?xml version="1.0" encoding="UTF-8"?>
<!-- Generated by org.testng.reporters.JUnitReportReporter -->
<testsuite hostname="DESKTOP-EJS31UV" name="com.crm.ContactTests.PrintLastNameInWebTableTest" tests="2" failures="0" timestamp="9 Mar 2022 05:19:37 GMT" time="89.152" errors="0">
  <testcase name="lastName" time="55.487" classname="com.crm.ContactTests.PrintLastNameInWebTableTest"/>
  <testcase name="contactWebTableLastChkBoxTest" time="33.665" classname="com.crm.ContactTests.PrintLastNameInWebTableTest"/>
</testsuite> <!-- com.crm.ContactTests.PrintLastNameInWebTableTest -->
