<?xml version="1.0" encoding="UTF-8"?>
<!-- Generated by org.testng.reporters.JUnitReportReporter -->
<testsuite hostname="DESKTOP-EJS31UV" name="com.crm.ContactTests.ContactsWebTableChkBoxAndDeleteTest" tests="1" failures="0" timestamp="9 Mar 2022 11:37:57 GMT" time="53.675" errors="0">
  <testcase name="contactsWebTableChkBoxAndDelete" time="53.675" classname="com.crm.ContactTests.ContactsWebTableChkBoxAndDeleteTest"/>
</testsuite> <!-- com.crm.ContactTests.ContactsWebTableChkBoxAndDeleteTest -->
