<?xml version="1.0" encoding="UTF-8"?>
<!-- Generated by org.testng.reporters.JUnitReportReporter -->
<testsuite hostname="DESKTOP-EJS31UV" name="com.crm.CampaignTests.CreateCampaignWithProduct" tests="1" failures="0" timestamp="20 Feb 2022 09:14:01 GMT" time="165.793" errors="0">
  <testcase name="createContactWithOrgTest" time="165.793" classname="com.crm.CampaignTests.CreateCampaignWithProduct"/>
</testsuite> <!-- com.crm.CampaignTests.CreateCampaignWithProduct -->
