<?xml version="1.0" encoding="UTF-8"?>
<!-- Generated by org.testng.reporters.JUnitReportReporter -->
<testsuite hostname="DESKTOP-EJS31UV" name="com.crm.OpportunityTests.CreateOpportunitytc_14_Pom_ObjectRepo_withQualificationTest" tests="1" failures="0" timestamp="27 Feb 2022 11:49:01 GMT" time="44.166" errors="0">
  <testcase name="createOpportunityTc_11_Pom" time="44.166" classname="com.crm.OpportunityTests.CreateOpportunitytc_14_Pom_ObjectRepo_withQualificationTest"/>
</testsuite> <!-- com.crm.OpportunityTests.CreateOpportunitytc_14_Pom_ObjectRepo_withQualificationTest -->
