<?xml version="1.0" encoding="UTF-8"?>
<!-- Generated by org.testng.reporters.JUnitReportReporter -->
<testsuite hostname="DESKTOP-EJS31UV" name="com.crm.OrganizationTest.CreateOrgTest_Pom_ObjectRepository" tests="1" failures="0" timestamp="27 Feb 2022 10:32:53 GMT" time="61.560" errors="0">
  <testcase name="createOrgTest" time="61.560" classname="com.crm.OrganizationTest.CreateOrgTest_Pom_ObjectRepository"/>
</testsuite> <!-- com.crm.OrganizationTest.CreateOrgTest_Pom_ObjectRepository -->
