<?xml version="1.0" encoding="UTF-8"?>
<!-- Generated by org.testng.reporters.JUnitReportReporter -->
<testsuite hostname="DESKTOP-EJS31UV" name="com.crm.ContactTests.ContactsWebTableTest" tests="1" failures="0" timestamp="8 Mar 2022 09:55:09 GMT" time="75.494" errors="0">
  <testcase name="contactsWebTableTest" time="75.494" classname="com.crm.ContactTests.ContactsWebTableTest"/>
</testsuite> <!-- com.crm.ContactTests.ContactsWebTableTest -->
