<?xml version="1.0" encoding="UTF-8"?>
<!-- Generated by org.testng.reporters.JUnitReportReporter -->
<testsuite hostname="DESKTOP-EJS31UV" name="com.crm.Practice.SampleJDBCExecuteUpdate" tests="1" failures="0" timestamp="16 Feb 2022 07:42:26 GMT" time="0.656" errors="0">
  <testcase name="sampleJDBCExecuteQuery" time="0.656" classname="com.crm.Practice.SampleJDBCExecuteUpdate"/>
</testsuite> <!-- com.crm.Practice.SampleJDBCExecuteUpdate -->
