<?xml version="1.0" encoding="UTF-8"?>
<!-- Generated by org.testng.reporters.JUnitReportReporter -->
<testsuite hostname="DESKTOP-EJS31UV" name="com.crm.OrganizationTest.CreateOrgTest" tests="1" failures="0" timestamp="18 Feb 2022 05:08:39 GMT" time="75.164" errors="0">
  <testcase name="createOrgTest" time="75.164" classname="com.crm.OrganizationTest.CreateOrgTest"/>
</testsuite> <!-- com.crm.OrganizationTest.CreateOrgTest -->
