<?xml version="1.0" encoding="UTF-8"?>
<!-- Generated by org.testng.reporters.JUnitReportReporter -->
<testsuite hostname="DESKTOP-EJS31UV" name="com.crm.OpportunityTests.CreateOpportunityTest" tests="1" failures="0" timestamp="20 Feb 2022 14:36:26 GMT" time="68.854" errors="0">
  <testcase name="createOpportunitywithSalesStageValueProposition" time="68.854" classname="com.crm.OpportunityTests.CreateOpportunityTest"/>
</testsuite> <!-- com.crm.OpportunityTests.CreateOpportunityTest -->
