<?xml version="1.0" encoding="UTF-8"?>
<!-- Generated by org.testng.reporters.JUnitReportReporter -->
<testsuite hostname="DESKTOP-EJS31UV" name="com.crm.ContactTests.ContactWebTableLastChkBoxTest" tests="1" failures="0" timestamp="9 Mar 2022 04:59:33 GMT" time="25.822" errors="0">
  <testcase name="contactWebTableLastChkBoxTest" time="25.822" classname="com.crm.ContactTests.ContactWebTableLastChkBoxTest"/>
</testsuite> <!-- com.crm.ContactTests.ContactWebTableLastChkBoxTest -->
