<?xml version="1.0" encoding="UTF-8"?>
<!-- Generated by org.testng.reporters.JUnitReportReporter -->
<testsuite hostname="DESKTOP-EJS31UV" name="com.crm.OpportunityTests.CreateOpportunitytc_12_Pom_ObjectRepo_withValuePropositionTest" tests="1" failures="0" timestamp="27 Feb 2022 11:44:28 GMT" time="76.527" errors="0">
  <testcase name="createOpportunityTc_11_Pom" time="76.527" classname="com.crm.OpportunityTests.CreateOpportunitytc_12_Pom_ObjectRepo_withValuePropositionTest"/>
</testsuite> <!-- com.crm.OpportunityTests.CreateOpportunitytc_12_Pom_ObjectRepo_withValuePropositionTest -->
