<?xml version="1.0" encoding="UTF-8"?>
<!-- Generated by org.testng.reporters.JUnitReportReporter -->
<testsuite hostname="DESKTOP-EJS31UV" name="com.crm.Practice.ReadDataFromSuitXMLfileTest" tests="1" failures="0" timestamp="17 Feb 2022 09:54:09 GMT" time="0.054" errors="0">
  <testcase name="readDataFromSuitXMLfile" time="0.054" classname="com.crm.Practice.ReadDataFromSuitXMLfileTest"/>
</testsuite> <!-- com.crm.Practice.ReadDataFromSuitXMLfileTest -->
