<?xml version="1.0" encoding="UTF-8"?>
<!-- Generated by org.testng.reporters.JUnitReportReporter -->
<testsuite hostname="DESKTOP-EJS31UV" name="com.crm.Practice.WriteDataIntoExcelSheetTest" tests="1" failures="0" timestamp="18 Feb 2022 00:03:27 GMT" time="6.438" errors="0">
  <testcase name="writeDataIntoExcelSheet" time="6.438" classname="com.crm.Practice.WriteDataIntoExcelSheetTest"/>
</testsuite> <!-- com.crm.Practice.WriteDataIntoExcelSheetTest -->
