<?xml version="1.0" encoding="UTF-8"?>
<!-- Generated by org.testng.reporters.JUnitReportReporter -->
<testsuite hostname="DESKTOP-EJS31UV" name="com.crm.Practice.SelectAnyDateFromCalendarTest" tests="1" failures="0" timestamp="9 Mar 2022 11:11:35 GMT" time="136.069" errors="0">
  <testcase name="GoibiboCalendar" time="136.069" classname="com.crm.Practice.SelectAnyDateFromCalendarTest"/>
</testsuite> <!-- com.crm.Practice.SelectAnyDateFromCalendarTest -->
