<?xml version="1.0" encoding="UTF-8"?>
<!-- Generated by org.testng.reporters.JUnitReportReporter -->
<testsuite hostname="DESKTOP-EJS31UV" name="com.crm.OrganizationTest.CreateOrgChooseIndustryTypeWithMultipleData" tests="8" failures="0" timestamp="1 Mar 2022 05:34:23 GMT" time="629.299" errors="0">
  <testcase name="createOrgChooseIndustryType" time="73.556" classname="com.crm.OrganizationTest.CreateOrgChooseIndustryTypeWithMultipleData"/>
  <testcase name="createOrgChooseIndustryType" time="77.468" classname="com.crm.OrganizationTest.CreateOrgChooseIndustryTypeWithMultipleData"/>
  <testcase name="createOrgChooseIndustryType" time="74.974" classname="com.crm.OrganizationTest.CreateOrgChooseIndustryTypeWithMultipleData"/>
  <testcase name="createOrgChooseIndustryType" time="71.749" classname="com.crm.OrganizationTest.CreateOrgChooseIndustryTypeWithMultipleData"/>
  <testcase name="createOrgChooseIndustryType" time="110.701" classname="com.crm.OrganizationTest.CreateOrgChooseIndustryTypeWithMultipleData"/>
  <testcase name="createOrgChooseIndustryType" time="76.546" classname="com.crm.OrganizationTest.CreateOrgChooseIndustryTypeWithMultipleData"/>
  <testcase name="createOrgChooseIndustryType" time="67.332" classname="com.crm.OrganizationTest.CreateOrgChooseIndustryTypeWithMultipleData"/>
  <testcase name="createOrgChooseIndustryType" time="76.973" classname="com.crm.OrganizationTest.CreateOrgChooseIndustryTypeWithMultipleData"/>
</testsuite> <!-- com.crm.OrganizationTest.CreateOrgChooseIndustryTypeWithMultipleData -->
