<?xml version="1.0" encoding="UTF-8"?>
<!-- Generated by org.testng.reporters.JUnitReportReporter -->
<testsuite hostname="DESKTOP-EJS31UV" name="com.crm.OpportunityTests.CreateOpportunityTc_11_Pom_ObjectRepository_Test" tests="1" failures="0" timestamp="28 Feb 2022 04:36:21 GMT" time="54.457" errors="0">
  <testcase name="createOpportunityTc_11_Pom" time="54.457" classname="com.crm.OpportunityTests.CreateOpportunityTc_11_Pom_ObjectRepository_Test"/>
</testsuite> <!-- com.crm.OpportunityTests.CreateOpportunityTc_11_Pom_ObjectRepository_Test -->
