<?xml version="1.0" encoding="UTF-8"?>
<!-- Generated by org.testng.reporters.JUnitReportReporter -->
<testsuite hostname="DESKTOP-EJS31UV" name="com.crm.ContactTests.CreateContactsAndChooseExistingOrganizationTest" tests="1" failures="0" timestamp="18 Feb 2022 08:25:04 GMT" time="187.419" errors="0">
  <testcase name="createContactWithOrgTest" time="187.419" classname="com.crm.ContactTests.CreateContactsAndChooseExistingOrganizationTest"/>
</testsuite> <!-- com.crm.ContactTests.CreateContactsAndChooseExistingOrganizationTest -->
