<?xml version="1.0" encoding="UTF-8"?>
<!-- Generated by org.testng.reporters.JUnitReportReporter -->
<testsuite hostname="DESKTOP-EJS31UV" name="com.crm.Practice.DataVerificationInDB" tests="1" failures="0" timestamp="16 Feb 2022 09:03:55 GMT" time="0.422" errors="0">
  <testcase name="dataVerificationInDB" time="0.422" classname="com.crm.Practice.DataVerificationInDB"/>
</testsuite> <!-- com.crm.Practice.DataVerificationInDB -->
