<?xml version="1.0" encoding="UTF-8"?>
<!-- Generated by org.testng.reporters.JUnitReportReporter -->
<testsuite hostname="DESKTOP-EJS31UV" name="com.crm.ContactTests.CreateContactsTest_Generic" tests="1" failures="0" timestamp="22 Feb 2022 12:00:44 GMT" time="48.966" errors="0">
  <testcase name="createContactTest" time="48.966" classname="com.crm.ContactTests.CreateContactsTest_Generic"/>
</testsuite> <!-- com.crm.ContactTests.CreateContactsTest_Generic -->
