<?xml version="1.0" encoding="UTF-8"?>
<!-- Generated by org.testng.reporters.JUnitReportReporter -->
<testsuite hostname="DESKTOP-EJS31UV" name="com.crm.Practice.PracticeForGenericUtils" tests="1" failures="0" timestamp="21 Feb 2022 07:58:04 GMT" time="0.317" errors="0">
  <testcase name="practice" time="0.317" classname="com.crm.Practice.PracticeForGenericUtils"/>
</testsuite> <!-- com.crm.Practice.PracticeForGenericUtils -->
