<?xml version="1.0" encoding="UTF-8"?>
<!-- Generated by org.testng.reporters.JUnitReportReporter -->
<testsuite hostname="DESKTOP-EJS31UV" name="com.crm.OrganizationTest.CreateOrgWithType_BaseClass" tests="1" failures="0" timestamp="4 Mar 2022 11:28:18 GMT" time="20.549" errors="0">
  <testcase name="createOrgWithType" time="20.549" classname="com.crm.OrganizationTest.CreateOrgWithType_BaseClass"/>
</testsuite> <!-- com.crm.OrganizationTest.CreateOrgWithType_BaseClass -->
