<?xml version="1.0" encoding="UTF-8"?>
<!-- Generated by org.testng.reporters.JUnitReportReporter -->
<testsuite hostname="DESKTOP-EJS31UV" name="com.crm.Practice.DataProviderWithExcel" tests="8" failures="0" timestamp="1 Mar 2022 08:13:13 GMT" time="0.160" errors="0">
  <testcase name="data" time="0.002" classname="com.crm.Practice.DataProviderWithExcel"/>
  <testcase name="data" time="0.000" classname="com.crm.Practice.DataProviderWithExcel"/>
  <testcase name="data" time="0.130" classname="com.crm.Practice.DataProviderWithExcel"/>
  <testcase name="data" time="0.001" classname="com.crm.Practice.DataProviderWithExcel"/>
  <testcase name="data" time="0.000" classname="com.crm.Practice.DataProviderWithExcel"/>
  <testcase name="data" time="0.020" classname="com.crm.Practice.DataProviderWithExcel"/>
  <testcase name="data" time="0.000" classname="com.crm.Practice.DataProviderWithExcel"/>
  <testcase name="data" time="0.007" classname="com.crm.Practice.DataProviderWithExcel"/>
</testsuite> <!-- com.crm.Practice.DataProviderWithExcel -->
