<?xml version="1.0" encoding="UTF-8"?>
<!-- Generated by org.testng.reporters.JUnitReportReporter -->
<testsuite hostname="DESKTOP-EJS31UV" name="com.crm.OpportunityTests.CreateOpportunitytc_12Test" tests="1" failures="0" timestamp="20 Feb 2022 15:06:36 GMT" time="78.289" errors="0">
  <testcase name="createOpportunitywithSalesStageValueProposition" time="78.289" classname="com.crm.OpportunityTests.CreateOpportunitytc_12Test"/>
</testsuite> <!-- com.crm.OpportunityTests.CreateOpportunitytc_12Test -->
