<?xml version="1.0" encoding="UTF-8"?>
<!-- Generated by org.testng.reporters.JUnitReportReporter -->
<testsuite hostname="DESKTOP-EJS31UV" name="com.crm.Practice.DataProviderPractice" tests="4" failures="0" timestamp="28 Feb 2022 09:59:05 GMT" time="0.016" errors="0">
  <testcase name="sampleDataProvider" time="0.000" classname="com.crm.Practice.DataProviderPractice"/>
  <testcase name="sampleDataProvider" time="0.000" classname="com.crm.Practice.DataProviderPractice"/>
  <testcase name="sampleDataProvider" time="0.000" classname="com.crm.Practice.DataProviderPractice"/>
  <testcase name="sampleDataProvider" time="0.016" classname="com.crm.Practice.DataProviderPractice"/>
</testsuite> <!-- com.crm.Practice.DataProviderPractice -->
