<?xml version="1.0" encoding="UTF-8"?>
<!-- Generated by org.testng.reporters.JUnitReportReporter -->
<testsuite hostname="DESKTOP-EJS31UV" name="com.crm.OpportunityTests.CreateOpportunitytc_13_Pom_ObjectRepo_withProspectiveTest" tests="1" failures="0" timestamp="27 Feb 2022 11:46:56 GMT" time="44.223" errors="0">
  <testcase name="createOpportunityTc_11_Pom" time="44.223" classname="com.crm.OpportunityTests.CreateOpportunitytc_13_Pom_ObjectRepo_withProspectiveTest"/>
</testsuite> <!-- com.crm.OpportunityTests.CreateOpportunitytc_13_Pom_ObjectRepo_withProspectiveTest -->
