<?xml version="1.0" encoding="UTF-8"?>
<!-- Generated by org.testng.reporters.JUnitReportReporter -->
<testsuite hostname="DESKTOP-EJS31UV" name="com.crm.Practice.POMPracticeForLogin" tests="1" failures="0" timestamp="23 Feb 2022 12:08:29 GMT" time="37.777" errors="0">
  <testcase name="pomPractice" time="37.777" classname="com.crm.Practice.POMPracticeForLogin"/>
</testsuite> <!-- com.crm.Practice.POMPracticeForLogin -->
