<?xml version="1.0" encoding="UTF-8"?>
<!-- Generated by org.testng.reporters.JUnitReportReporter -->
<testsuite skipped="0" hostname="DESKTOP-EJS31UV" name="com.crm.Practice.ReadDataFromCmdLineTest" tests="1" failures="0" timestamp="2022-02-17T13:08:39 IST" time="0.020" errors="0">
  <testcase name="readDataFromCmdLine" time="0.020" classname="com.crm.Practice.ReadDataFromCmdLineTest"/>
  <system-out/>
</testsuite> <!-- com.crm.Practice.ReadDataFromCmdLineTest -->
